Rasa process starting
Added 'nlp_spacy' to component cache. Key 'nlp_spacy-en_core_web_sm'.
Restoring parameters from models/nlu/default/current\intent_classifier_tensorflow_embedding_custom.ckpt
Rasa Core server is up and running on http://localhost:5005
Rasa process starting
Added 'nlp_spacy' to component cache. Key 'nlp_spacy-en_core_web_sm'.
Restoring parameters from models/nlu/default/current\intent_classifier_tensorflow_embedding_custom.ckpt
Rasa Core server is up and running on http://localhost:5005
Failed to fill utterance template '{'text': "[{'respone': 'Hello ! How can I help you ?'}]"}'. Tried to replace ''respone'' but could not find a value for it. There is no slot with this name nor did you pass the value explicitly when calling the template. Return template without filling the template. 
Traceback (most recent call last):
  File "D:\Anaconda3\lib\site-packages\rasa_core\nlg\template.py", line 79, in _fill_template_text
    template["text"] = template["text"].format(**template_vars)
KeyError: "'respone'"
Action 'action_renew' set a slot type 'OS' that it never set during the training. This can throw of the prediction. Make sure to include training examples in your stories for the different types of slots this action can return. Remember: you need to set the slots manually in the stories by adding '- slot{"OS": null}' after the action.
Action 'action_renew' set a slot type 'action' that it never set during the training. This can throw of the prediction. Make sure to include training examples in your stories for the different types of slots this action can return. Remember: you need to set the slots manually in the stories by adding '- slot{"action": null}' after the action.
Action 'action_renew' set a slot type 'confirm' that it never set during the training. This can throw of the prediction. Make sure to include training examples in your stories for the different types of slots this action can return. Remember: you need to set the slots manually in the stories by adding '- slot{"confirm": null}' after the action.
Action 'action_renew' set a slot type 'list_process' that it never set during the training. This can throw of the prediction. Make sure to include training examples in your stories for the different types of slots this action can return. Remember: you need to set the slots manually in the stories by adding '- slot{"list_process": null}' after the action.
Action 'action_renew' set a slot type 'object_1' that it never set during the training. This can throw of the prediction. Make sure to include training examples in your stories for the different types of slots this action can return. Remember: you need to set the slots manually in the stories by adding '- slot{"object_1": null}' after the action.
Action 'action_renew' set a slot type 'version' that it never set during the training. This can throw of the prediction. Make sure to include training examples in your stories for the different types of slots this action can return. Remember: you need to set the slots manually in the stories by adding '- slot{"version": null}' after the action.
Rasa process starting
Added 'nlp_spacy' to component cache. Key 'nlp_spacy-en_core_web_sm'.
Restoring parameters from models/nlu/default/current\intent_classifier_tensorflow_embedding_custom.ckpt
Rasa Core server is up and running on http://localhost:5005
Action 'action_renew' set a slot type 'confirm' that it never set during the training. This can throw of the prediction. Make sure to include training examples in your stories for the different types of slots this action can return. Remember: you need to set the slots manually in the stories by adding '- slot{"confirm": null}' after the action.
Action 'action_renew' set a slot type 'object_1' that it never set during the training. This can throw of the prediction. Make sure to include training examples in your stories for the different types of slots this action can return. Remember: you need to set the slots manually in the stories by adding '- slot{"object_1": null}' after the action.
Failed to fill utterance template '{'text': "[{'respone': 'Your welcome!'}]"}'. Tried to replace ''respone'' but could not find a value for it. There is no slot with this name nor did you pass the value explicitly when calling the template. Return template without filling the template. 
Traceback (most recent call last):
  File "D:\Anaconda3\lib\site-packages\rasa_core\nlg\template.py", line 79, in _fill_template_text
    template["text"] = template["text"].format(**template_vars)
KeyError: "'respone'"
Action 'action_renew' set a slot type 'action' that it never set during the training. This can throw of the prediction. Make sure to include training examples in your stories for the different types of slots this action can return. Remember: you need to set the slots manually in the stories by adding '- slot{"action": null}' after the action.
Action 'action_renew' set a slot type 'confirm' that it never set during the training. This can throw of the prediction. Make sure to include training examples in your stories for the different types of slots this action can return. Remember: you need to set the slots manually in the stories by adding '- slot{"confirm": null}' after the action.
Action 'action_renew' set a slot type 'list_process' that it never set during the training. This can throw of the prediction. Make sure to include training examples in your stories for the different types of slots this action can return. Remember: you need to set the slots manually in the stories by adding '- slot{"list_process": null}' after the action.
Action 'action_renew' set a slot type 'object_1' that it never set during the training. This can throw of the prediction. Make sure to include training examples in your stories for the different types of slots this action can return. Remember: you need to set the slots manually in the stories by adding '- slot{"object_1": null}' after the action.
Action 'action_renew' set a slot type 'object_2' that it never set during the training. This can throw of the prediction. Make sure to include training examples in your stories for the different types of slots this action can return. Remember: you need to set the slots manually in the stories by adding '- slot{"object_2": null}' after the action.
Action 'action_renew' set a slot type 'action' that it never set during the training. This can throw of the prediction. Make sure to include training examples in your stories for the different types of slots this action can return. Remember: you need to set the slots manually in the stories by adding '- slot{"action": null}' after the action.
Action 'action_renew' set a slot type 'confirm' that it never set during the training. This can throw of the prediction. Make sure to include training examples in your stories for the different types of slots this action can return. Remember: you need to set the slots manually in the stories by adding '- slot{"confirm": null}' after the action.
Action 'action_renew' set a slot type 'object_1' that it never set during the training. This can throw of the prediction. Make sure to include training examples in your stories for the different types of slots this action can return. Remember: you need to set the slots manually in the stories by adding '- slot{"object_1": null}' after the action.
Rasa process starting
Added 'nlp_spacy' to component cache. Key 'nlp_spacy-en_core_web_sm'.
Restoring parameters from models/nlu/default/current\intent_classifier_tensorflow_embedding_custom.ckpt
Rasa Core server is up and running on http://localhost:5005
Action 'action_renew' set a slot type 'OS' that it never set during the training. This can throw of the prediction. Make sure to include training examples in your stories for the different types of slots this action can return. Remember: you need to set the slots manually in the stories by adding '- slot{"OS": null}' after the action.
Action 'action_renew' set a slot type 'action' that it never set during the training. This can throw of the prediction. Make sure to include training examples in your stories for the different types of slots this action can return. Remember: you need to set the slots manually in the stories by adding '- slot{"action": null}' after the action.
Action 'action_renew' set a slot type 'confirm' that it never set during the training. This can throw of the prediction. Make sure to include training examples in your stories for the different types of slots this action can return. Remember: you need to set the slots manually in the stories by adding '- slot{"confirm": null}' after the action.
Action 'action_renew' set a slot type 'list_process' that it never set during the training. This can throw of the prediction. Make sure to include training examples in your stories for the different types of slots this action can return. Remember: you need to set the slots manually in the stories by adding '- slot{"list_process": null}' after the action.
Action 'action_renew' set a slot type 'object_1' that it never set during the training. This can throw of the prediction. Make sure to include training examples in your stories for the different types of slots this action can return. Remember: you need to set the slots manually in the stories by adding '- slot{"object_1": null}' after the action.
Action 'action_renew' set a slot type 'version' that it never set during the training. This can throw of the prediction. Make sure to include training examples in your stories for the different types of slots this action can return. Remember: you need to set the slots manually in the stories by adding '- slot{"version": null}' after the action.
Action 'action_renew' set a slot type 'action' that it never set during the training. This can throw of the prediction. Make sure to include training examples in your stories for the different types of slots this action can return. Remember: you need to set the slots manually in the stories by adding '- slot{"action": null}' after the action.
Action 'action_renew' set a slot type 'confirm' that it never set during the training. This can throw of the prediction. Make sure to include training examples in your stories for the different types of slots this action can return. Remember: you need to set the slots manually in the stories by adding '- slot{"confirm": null}' after the action.
Action 'action_renew' set a slot type 'list_process' that it never set during the training. This can throw of the prediction. Make sure to include training examples in your stories for the different types of slots this action can return. Remember: you need to set the slots manually in the stories by adding '- slot{"list_process": null}' after the action.
Action 'action_renew' set a slot type 'version' that it never set during the training. This can throw of the prediction. Make sure to include training examples in your stories for the different types of slots this action can return. Remember: you need to set the slots manually in the stories by adding '- slot{"version": null}' after the action.
Rasa process starting
Added 'nlp_spacy' to component cache. Key 'nlp_spacy-en_core_web_sm'.
Restoring parameters from models/nlu/default/current\intent_classifier_tensorflow_embedding_custom.ckpt
Rasa Core server is up and running on http://localhost:5005
Rasa process starting
Restoring parameters from models/nlu/default/current\intent_classifier_tensorflow_embedding_custom.ckpt
Rasa Core server is up and running on http://localhost:5005
Rasa process starting
Restoring parameters from models/nlu/default/current\intent_classifier_tensorflow_embedding_custom.ckpt
Rasa Core server is up and running on http://localhost:5005
Rasa process starting
Restoring parameters from models/nlu/default/current\intent_classifier_tensorflow_embedding_custom.ckpt
Rasa Core server is up and running on http://localhost:5005
Action 'action_renew' set a slot type 'action' that it never set during the training. This can throw of the prediction. Make sure to include training examples in your stories for the different types of slots this action can return. Remember: you need to set the slots manually in the stories by adding '- slot{"action": null}' after the action.
Action 'action_renew' set a slot type 'confirm' that it never set during the training. This can throw of the prediction. Make sure to include training examples in your stories for the different types of slots this action can return. Remember: you need to set the slots manually in the stories by adding '- slot{"confirm": null}' after the action.
Action 'action_renew' set a slot type 'list_process' that it never set during the training. This can throw of the prediction. Make sure to include training examples in your stories for the different types of slots this action can return. Remember: you need to set the slots manually in the stories by adding '- slot{"list_process": null}' after the action.
Action 'action_renew' set a slot type 'object_1' that it never set during the training. This can throw of the prediction. Make sure to include training examples in your stories for the different types of slots this action can return. Remember: you need to set the slots manually in the stories by adding '- slot{"object_1": null}' after the action.
Action 'action_renew' set a slot type 'object_2' that it never set during the training. This can throw of the prediction. Make sure to include training examples in your stories for the different types of slots this action can return. Remember: you need to set the slots manually in the stories by adding '- slot{"object_2": null}' after the action.
Rasa process starting
Rasa process starting
Rasa process starting
Rasa process starting
Restoring parameters from models/nlu/default/current\intent_classifier_tensorflow_embedding_custom.ckpt
Rasa Core server is up and running on http://localhost:5005
